<?xml version="1.0" encoding="UTF-8"?>
<!-- Generated by org.testng.reporters.JUnitReportReporter -->
<testsuite hostname="LAPTOP-IHNG9IRA" name="testRun.mercuryParameter" tests="3" failures="0" timestamp="10 Nov 2019 01:43:20 GMT" time="2.112" errors="0">
  <testcase name="validateUrl" time="0.023" classname="testRun.mercuryParameter"/>
  <testcase name="test" time="2.071" classname="testRun.mercuryParameter"/>
  <testcase name="validateTitle" time="0.018" classname="testRun.mercuryParameter"/>
</testsuite> <!-- testRun.mercuryParameter -->
