<?xml version="1.0" encoding="UTF-8"?>
<!-- Generated by org.testng.reporters.JUnitReportReporter -->
<testsuite hostname="LAPTOP-IHNG9IRA" name="testRun.mercuryRun" tests="3" failures="0" timestamp="19 Dec 2019 02:32:03 GMT" time="4.300" errors="0">
  <testcase name="validateUrl" time="0.055" classname="testRun.mercuryRun"/>
  <testcase name="test" time="4.223" classname="testRun.mercuryRun"/>
  <testcase name="validateTitle" time="0.022" classname="testRun.mercuryRun"/>
</testsuite> <!-- testRun.mercuryRun -->
