<?xml version="1.0" encoding="UTF-8"?>
<!-- Generated by org.testng.reporters.JUnitReportReporter -->
<testsuite hostname="LAPTOP-IHNG9IRA" name="testRun.parameterTest" tests="2" failures="0" timestamp="20 Sep 2019 15:28:16 GMT" time="0.015" errors="0">
  <testcase name="mainTest" time="0.004" classname="testRun.parameterTest"/>
  <testcase name="mainTest" time="0.011" classname="testRun.parameterTest"/>
</testsuite> <!-- testRun.parameterTest -->
