<?xml version="1.0" encoding="UTF-8"?>
<!-- Generated by org.testng.reporters.JUnitReportReporter -->
<testsuite hostname="LAPTOP-IHNG9IRA" name="testRun.yahooRun" tests="14" failures="0" timestamp="20 Oct 2019 16:41:27 GMT" time="3.585" errors="0">
  <testcase name="validatePassWord" time="0.076" classname="testRun.yahooRun"/>
  <testcase name="validateLastName" time="0.063" classname="testRun.yahooRun"/>
  <testcase name="validateCountryCode" time="0.280" classname="testRun.yahooRun"/>
  <testcase name="validateCont" time="0.078" classname="testRun.yahooRun"/>
  <testcase name="validateBirthMonth" time="2.216" classname="testRun.yahooRun"/>
  <testcase name="validateEmailAddress" time="0.093" classname="testRun.yahooRun"/>
  <testcase name="validateSignInLink" time="0.094" classname="testRun.yahooRun"/>
  <testcase name="validateYear" time="0.078" classname="testRun.yahooRun"/>
  <testcase name="validateMobileNumber" time="0.063" classname="testRun.yahooRun"/>
  <testcase name="validateCurrentEmailLink" time="0.090" classname="testRun.yahooRun"/>
  <testcase name="validatePrivacyPolicy" time="0.172" classname="testRun.yahooRun"/>
  <testcase name="validateDay" time="0.110" classname="testRun.yahooRun"/>
  <testcase name="validateFirstName" time="0.094" classname="testRun.yahooRun"/>
  <testcase name="validateTerms" time="0.078" classname="testRun.yahooRun"/>
</testsuite> <!-- testRun.yahooRun -->
